<?xml version="1.0"?>
<!DOCTYPE coverage SYSTEM "http://cobertura.sourceforge.net/xml/coverage-04.dtd">

<coverage line-rate="0.35135135135135137" branch-rate="0.125" lines-covered="13" lines-valid="37" branches-covered="1" branches-valid="8" complexity="4.666666666666667" version="1.9.4.1" timestamp="1462444154038">
	<sources>
		<source>--source</source>
		<source>D:/workspace/00-CalidadEstaticaJenkins/src/main/java</source>
	</sources>
	<packages>
		<package name="com.curso.ecosistema" line-rate="0.35135135135135137" branch-rate="0.125" complexity="4.666666666666667">
			<classes>
				<class name="com.curso.ecosistema.Bar" filename="com/curso/ecosistema/Bar.java" line-rate="0.0" branch-rate="1.0" complexity="4.0">
					<methods>
						<method name="&lt;init&gt;" signature="()V" line-rate="0.0" branch-rate="1.0">
							<lines>
								<line number="3" hits="0" branch="false"/>
							</lines>
						</method>
						<method name="foo" signature="()Ljava/lang/String;" line-rate="0.0" branch-rate="1.0">
							<lines>
								<line number="6" hits="0" branch="false"/>
								<line number="7" hits="0" branch="false"/>
								<line number="8" hits="0" branch="false"/>
								<line number="10" hits="0" branch="false"/>
							</lines>
						</method>
					</methods>
					<lines>
						<line number="3" hits="0" branch="false"/>
						<line number="6" hits="0" branch="false"/>
						<line number="7" hits="0" branch="false"/>
						<line number="8" hits="0" branch="false"/>
						<line number="10" hits="0" branch="false"/>
					</lines>
				</class>
				<class name="com.curso.ecosistema.Calculadora" filename="com/curso/ecosistema/Calculadora.java" line-rate="0.8125" branch-rate="0.25" complexity="5.0">
					<methods>
						<method name="&lt;init&gt;" signature="()V" line-rate="1.0" branch-rate="1.0">
							<lines>
								<line number="3" hits="1" branch="false"/>
							</lines>
						</method>
						<method name="sumar" signature="(II)I" line-rate="0.8" branch-rate="0.25">
							<lines>
								<line number="6" hits="1" branch="true" condition-coverage="25% (1/4)">
									<conditions>
										<condition number="0" type="jump" coverage="50%"/>
										<condition number="1" type="jump" coverage="0%"/>
									</conditions>
								</line>
								<line number="7" hits="0" branch="false"/>
								<line number="9" hits="0" branch="false"/>
								<line number="10" hits="0" branch="false"/>
								<line number="11" hits="1" branch="false"/>
								<line number="13" hits="1" branch="false"/>
								<line number="14" hits="1" branch="false"/>
								<line number="15" hits="1" branch="false"/>
								<line number="16" hits="1" branch="false"/>
								<line number="17" hits="1" branch="false"/>
								<line number="18" hits="1" branch="false"/>
								<line number="19" hits="1" branch="false"/>
								<line number="20" hits="1" branch="false"/>
								<line number="21" hits="1" branch="false"/>
								<line number="23" hits="1" branch="false"/>
							</lines>
						</method>
					</methods>
					<lines>
						<line number="3" hits="1" branch="false"/>
						<line number="6" hits="1" branch="true" condition-coverage="25% (1/4)">
							<conditions>
								<condition number="0" type="jump" coverage="50%"/>
								<condition number="1" type="jump" coverage="0%"/>
							</conditions>
						</line>
						<line number="7" hits="0" branch="false"/>
						<line number="9" hits="0" branch="false"/>
						<line number="10" hits="0" branch="false"/>
						<line number="11" hits="1" branch="false"/>
						<line number="13" hits="1" branch="false"/>
						<line number="14" hits="1" branch="false"/>
						<line number="15" hits="1" branch="false"/>
						<line number="16" hits="1" branch="false"/>
						<line number="17" hits="1" branch="false"/>
						<line number="18" hits="1" branch="false"/>
						<line number="19" hits="1" branch="false"/>
						<line number="20" hits="1" branch="false"/>
						<line number="21" hits="1" branch="false"/>
						<line number="23" hits="1" branch="false"/>
					</lines>
				</class>
				<class name="com.curso.ecosistema.Calculadora2" filename="com/curso/ecosistema/Calculadora2.java" line-rate="0.0" branch-rate="0.0" complexity="5.0">
					<methods>
						<method name="&lt;init&gt;" signature="()V" line-rate="0.0" branch-rate="1.0">
							<lines>
								<line number="3" hits="0" branch="false"/>
							</lines>
						</method>
						<method name="sumar" signature="(II)I" line-rate="0.0" branch-rate="0.0">
							<lines>
								<line number="6" hits="0" branch="true" condition-coverage="0% (0/4)">
									<conditions>
										<condition number="0" type="jump" coverage="0%"/>
										<condition number="1" type="jump" coverage="0%"/>
									</conditions>
								</line>
								<line number="7" hits="0" branch="false"/>
								<line number="9" hits="0" branch="false"/>
								<line number="10" hits="0" branch="false"/>
								<line number="11" hits="0" branch="false"/>
								<line number="13" hits="0" branch="false"/>
								<line number="14" hits="0" branch="false"/>
								<line number="15" hits="0" branch="false"/>
								<line number="16" hits="0" branch="false"/>
								<line number="17" hits="0" branch="false"/>
								<line number="18" hits="0" branch="false"/>
								<line number="19" hits="0" branch="false"/>
								<line number="20" hits="0" branch="false"/>
								<line number="21" hits="0" branch="false"/>
								<line number="23" hits="0" branch="false"/>
							</lines>
						</method>
					</methods>
					<lines>
						<line number="3" hits="0" branch="false"/>
						<line number="6" hits="0" branch="true" condition-coverage="0% (0/4)">
							<conditions>
								<condition number="0" type="jump" coverage="0%"/>
								<condition number="1" type="jump" coverage="0%"/>
							</conditions>
						</line>
						<line number="7" hits="0" branch="false"/>
						<line number="9" hits="0" branch="false"/>
						<line number="10" hits="0" branch="false"/>
						<line number="11" hits="0" branch="false"/>
						<line number="13" hits="0" branch="false"/>
						<line number="14" hits="0" branch="false"/>
						<line number="15" hits="0" branch="false"/>
						<line number="16" hits="0" branch="false"/>
						<line number="17" hits="0" branch="false"/>
						<line number="18" hits="0" branch="false"/>
						<line number="19" hits="0" branch="false"/>
						<line number="20" hits="0" branch="false"/>
						<line number="21" hits="0" branch="false"/>
						<line number="23" hits="0" branch="false"/>
					</lines>
				</class>
			</classes>
		</package>
	</packages>
</coverage>
